#
# A fatal error has been detected by the Java Runtime Environment:
#
#  EXCEPTION_ACCESS_VIOLATION (0xc0000005) at pc=0x000000006c30fb12, pid=10020, tid=0x0000000000003c10
#
# JRE version: Java(TM) SE Runtime Environment (8.0_151-b12) (build 1.8.0_151-b12)
# Java VM: Java HotSpot(TM) 64-Bit Server VM (25.151-b12 mixed mode windows-amd64 compressed oops)
# Problematic frame:
# V  [jvm.dll+0xafb12]
#
# Failed to write core dump. Minidumps are not enabled by default on client versions of Windows
#
# If you would like to submit a bug report, please visit:
#   http://bugreport.java.com/bugreport/crash.jsp
#

---------------  T H R E A D  ---------------

Current thread (0x0000000002e39000):  GCTaskThread [stack: 0x0000000012a90000,0x0000000012b90000] [id=15376]

siginfo: ExceptionCode=0xc0000005, reading address 0x00000000000000e8

Registers:
RAX=0x0000000000000000, RBX=0x00000000d9989a88, RCX=0x000000010000d070, RDX=0x00000000d9989a88
RSP=0x0000000012b8f868, RBP=0x00000000122e2181, RSI=0x0000000017a85180, RDI=0x000000008122cc10
R8 =0x0000000000000005, R9 =0x000000010000d070, R10=0x003a0043002f003a, R11=0x00000000dba1b3b8
R12=0x00000000122e2164, R13=0x0000000000000009, R14=0x0000000000000000, R15=0x0000000002e32370
RIP=0x000000006c30fb12, EFLAGS=0x0000000000010202

Top of Stack: (sp=0x0000000012b8f868)
0x0000000012b8f868:   000000006c6607b2 0000000000000011
0x0000000012b8f878:   0000000000000003 0000000017a85180
0x0000000012b8f888:   00000000d9cbdd70 00000000dba18010
0x0000000012b8f898:   000000006c660efb 0000000017a85180
0x0000000012b8f8a8:   000000006c372e73 0000000000000000
0x0000000012b8f8b8:   0000000017a85100 00000000122e2164
0x0000000012b8f8c8:   000000006c660b20 00000000dba1b35c
0x0000000012b8f8d8:   00000000122e2181 0000000017a85180
0x0000000012b8f8e8:   000000008122cc10 00000000dba1b35c
0x0000000012b8f8f8:   000000006c6616c5 00000000d99452c0
0x0000000012b8f908:   00000000122e2181 0000000017a85180
0x0000000012b8f918:   0000000017a85180 0000000017a85180
0x0000000012b8f928:   00007ffa4dc09252 000000008122ba64
0x0000000012b8f938:   000000006c374c67 0000000017a85180
0x0000000012b8f948:   000000006c372e73 000000008122ca55
0x0000000012b8f958:   000000008122ca55 000000008122ca68 

Instructions: (pc=0x000000006c30fb12)
0x000000006c30faf2:   e2 49 8d 0c 11 49 f7 d1 48 03 c1 49 c1 e9 03 48
0x000000006c30fb02:   c1 e8 03 41 23 c1 c3 48 8b 02 48 8b d1 49 8b c9
0x000000006c30fb12:   48 ff a0 e8 00 00 00 cc cc cc cc cc cc cc 80 3d
0x000000006c30fb22:   ba e9 75 00 00 48 8b c1 74 1b 8b 51 08 8b 0d 73 


Register to memory mapping:

RAX=0x0000000000000000 is an unknown value
RBX=0x00000000d9989a88 is an oop

[error occurred during error reporting (printing register info), id 0xc0000005]

Stack: [0x0000000012a90000,0x0000000012b90000],  sp=0x0000000012b8f868,  free space=1022k
Native frames: (J=compiled Java code, j=interpreted, Vv=VM code, C=native code)
V  [jvm.dll+0xafb12]


---------------  P R O C E S S  ---------------

Java Threads: ( => current thread )
  0x000000001ab1e000 JavaThread "logback-1" daemon [_thread_blocked, id=3160, stack(0x000000001c1a0000,0x000000001c2a0000)]
  0x0000000019581800 JavaThread "surefire-forkedjvm-ping-30s" daemon [_thread_blocked, id=18052, stack(0x0000000019b30000,0x0000000019c30000)]
  0x000000001950d800 JavaThread "surefire-forkedjvm-command-thread" daemon [_thread_in_native, id=756, stack(0x0000000019a30000,0x0000000019b30000)]
  0x0000000019464800 JavaThread "Service Thread" daemon [_thread_blocked, id=1592, stack(0x0000000019830000,0x0000000019930000)]
  0x0000000017acb000 JavaThread "C1 CompilerThread2" daemon [_thread_blocked, id=9688, stack(0x0000000019330000,0x0000000019430000)]
  0x0000000017ac4800 JavaThread "C2 CompilerThread1" daemon [_thread_blocked, id=14356, stack(0x0000000019230000,0x0000000019330000)]
  0x0000000017ac2000 JavaThread "C2 CompilerThread0" daemon [_thread_blocked, id=8012, stack(0x0000000019130000,0x0000000019230000)]
  0x0000000017ac0800 JavaThread "Attach Listener" daemon [_thread_blocked, id=11012, stack(0x0000000019030000,0x0000000019130000)]
  0x0000000017abd800 JavaThread "Signal Dispatcher" daemon [_thread_blocked, id=15868, stack(0x0000000018f30000,0x0000000019030000)]
  0x0000000002f17800 JavaThread "Finalizer" daemon [_thread_blocked, id=13400, stack(0x0000000018d20000,0x0000000018e20000)]
  0x0000000017a89800 JavaThread "Reference Handler" daemon [_thread_blocked, id=17652, stack(0x0000000018c20000,0x0000000018d20000)]
  0x0000000002b5e800 JavaThread "main" [_thread_blocked, id=4212, stack(0x0000000002d20000,0x0000000002e20000)]

Other Threads:
  0x0000000017a87800 VMThread [stack: 0x0000000018b20000,0x0000000018c20000] [id=2532]
  0x0000000019498800 WatcherThread [stack: 0x0000000019930000,0x0000000019a30000] [id=11192]

=>0x0000000002e39000 (exited) GCTaskThread [stack: 0x0000000012a90000,0x0000000012b90000] [id=15376]

VM state:at safepoint (normal execution)

VM Mutex/Monitor currently owned by a thread:  ([mutex/lock_event])
[0x0000000002b5d130] Threads_lock - owner thread: 0x0000000017a87800
[0x0000000002b5d0b0] Heap_lock - owner thread: 0x0000000002b5e800

Heap:
 PSYoungGen      total 72192K, used 71776K [0x00000000d5a00000, 0x00000000dbf80000, 0x0000000100000000)
  eden space 64512K, 100% used [0x00000000d5a00000,0x00000000d9900000,0x00000000d9900000)
  from space 7680K, 94% used [0x00000000d9900000,0x00000000da018118,0x00000000da080000)
  to   space 8192K, 75% used [0x00000000db780000,0x00000000dbd94030,0x00000000dbf80000)
 ParOldGen       total 56832K, used 7197K [0x0000000080e00000, 0x0000000084580000, 0x00000000d5a00000)
  object space 56832K, 12% used [0x0000000080e00000,0x00000000815077c0,0x0000000084580000)
 Metaspace       used 29421K, capacity 30302K, committed 30336K, reserved 1075200K
  class space    used 3764K, capacity 3945K, committed 3968K, reserved 1048576K

Card table byte_map: [0x00000000122e0000,0x00000000126e0000] byte_map_base: 0x0000000011ed9000

Marking Bits: (ParMarkBitMap*) 0x000000006ca7d850
 Begin Bits: [0x0000000012d90000, 0x0000000014d58000)
 End Bits:   [0x0000000014d58000, 0x0000000016d20000)

Polling page: 0x0000000002b60000

CodeCache: size=245760Kb used=11426Kb max_used=11426Kb free=234333Kb
 bounds [0x0000000002f20000, 0x0000000003a60000, 0x0000000011f20000]
 total_blobs=3438 nmethods=3030 adapters=319
 compilation: enabled

Compilation events (10 events):
Event: 5.459 Thread 0x0000000017acb000 3030       3       sun.reflect.ClassFileAssembler::<init> (30 bytes)
Event: 5.459 Thread 0x0000000017acb000 nmethod 3030 0x0000000003a4df50 code [0x0000000003a4e0a0, 0x0000000003a4e290]
Event: 5.459 Thread 0x0000000017acb000 3031       3       sun.reflect.ClassFileAssembler::getMaxLocals (6 bytes)
Event: 5.459 Thread 0x0000000017acb000 nmethod 3031 0x0000000003a3d8d0 code [0x0000000003a3da20, 0x0000000003a3db70]
Event: 5.459 Thread 0x0000000017acb000 3032       3       sun.reflect.ClassFileAssembler::emitInt (46 bytes)
Event: 5.459 Thread 0x0000000017acb000 nmethod 3032 0x0000000003a4e350 code [0x0000000003a4e520, 0x0000000003a4ea58]
Event: 5.460 Thread 0x0000000017acb000 3033       3       java.beans.FeatureDescriptor::getWeakReference (17 bytes)
Event: 5.460 Thread 0x0000000017acb000 nmethod 3033 0x0000000003a4edd0 code [0x0000000003a4ef60, 0x0000000003a4f330]
Event: 5.461 Thread 0x0000000017acb000 3034       3       java.lang.reflect.Method::getTypeParameters (26 bytes)
Event: 5.462 Thread 0x0000000017acb000 nmethod 3034 0x0000000003a4f4d0 code [0x0000000003a4f6c0, 0x0000000003a500f8]

GC Heap History (10 events):
Event: 3.031 GC heap after
Heap after GC invocations=4 (full 0):
 PSYoungGen      total 38400K, used 5097K [0x00000000d5a00000, 0x00000000d8480000, 0x0000000100000000)
  eden space 33280K, 0% used [0x00000000d5a00000,0x00000000d5a00000,0x00000000d7a80000)
  from space 5120K, 99% used [0x00000000d7f80000,0x00000000d847a5a0,0x00000000d8480000)
  to   space 5120K, 0% used [0x00000000d7a80000,0x00000000d7a80000,0x00000000d7f80000)
 ParOldGen       total 87552K, used 2006K [0x0000000080e00000, 0x0000000086380000, 0x00000000d5a00000)
  object space 87552K, 2% used [0x0000000080e00000,0x0000000080ff5b98,0x0000000086380000)
 Metaspace       used 17772K, capacity 18334K, committed 18432K, reserved 1064960K
  class space    used 2324K, capacity 2493K, committed 2560K, reserved 1048576K
}
Event: 3.336 GC heap before
{Heap before GC invocations=5 (full 0):
 PSYoungGen      total 38400K, used 28629K [0x00000000d5a00000, 0x00000000d8480000, 0x0000000100000000)
  eden space 33280K, 70% used [0x00000000d5a00000,0x00000000d70faf78,0x00000000d7a80000)
  from space 5120K, 99% used [0x00000000d7f80000,0x00000000d847a5a0,0x00000000d8480000)
  to   space 5120K, 0% used [0x00000000d7a80000,0x00000000d7a80000,0x00000000d7f80000)
 ParOldGen       total 87552K, used 2006K [0x0000000080e00000, 0x0000000086380000, 0x00000000d5a00000)
  object space 87552K, 2% used [0x0000000080e00000,0x0000000080ff5b98,0x0000000086380000)
 Metaspace       used 20543K, capacity 21186K, committed 21248K, reserved 1067008K
  class space    used 2641K, capacity 2811K, committed 2816K, reserved 1048576K
Event: 3.341 GC heap after
Heap after GC invocations=5 (full 0):
 PSYoungGen      total 38400K, used 5116K [0x00000000d5a00000, 0x00000000dab00000, 0x0000000100000000)
  eden space 33280K, 0% used [0x00000000d5a00000,0x00000000d5a00000,0x00000000d7a80000)
  from space 5120K, 99% used [0x00000000d7a80000,0x00000000d7f7f2c8,0x00000000d7f80000)
  to   space 8192K, 0% used [0x00000000da300000,0x00000000da300000,0x00000000dab00000)
 ParOldGen       total 87552K, used 4158K [0x0000000080e00000, 0x0000000086380000, 0x00000000d5a00000)
  object space 87552K, 4% used [0x0000000080e00000,0x000000008120fbc8,0x0000000086380000)
 Metaspace       used 20543K, capacity 21186K, committed 21248K, reserved 1067008K
  class space    used 2641K, capacity 2811K, committed 2816K, reserved 1048576K
}
Event: 3.341 GC heap before
{Heap before GC invocations=6 (full 1):
 PSYoungGen      total 38400K, used 5116K [0x00000000d5a00000, 0x00000000dab00000, 0x0000000100000000)
  eden space 33280K, 0% used [0x00000000d5a00000,0x00000000d5a00000,0x00000000d7a80000)
  from space 5120K, 99% used [0x00000000d7a80000,0x00000000d7f7f2c8,0x00000000d7f80000)
  to   space 8192K, 0% used [0x00000000da300000,0x00000000da300000,0x00000000dab00000)
 ParOldGen       total 87552K, used 4158K [0x0000000080e00000, 0x0000000086380000, 0x00000000d5a00000)
  object space 87552K, 4% used [0x0000000080e00000,0x000000008120fbc8,0x0000000086380000)
 Metaspace       used 20543K, capacity 21186K, committed 21248K, reserved 1067008K
  class space    used 2641K, capacity 2811K, committed 2816K, reserved 1048576K
Event: 3.366 GC heap after
Heap after GC invocations=6 (full 1):
 PSYoungGen      total 38400K, used 0K [0x00000000d5a00000, 0x00000000dab00000, 0x0000000100000000)
  eden space 33280K, 0% used [0x00000000d5a00000,0x00000000d5a00000,0x00000000d7a80000)
  from space 5120K, 0% used [0x00000000d7a80000,0x00000000d7a80000,0x00000000d7f80000)
  to   space 8192K, 0% used [0x00000000da300000,0x00000000da300000,0x00000000dab00000)
 ParOldGen       total 56832K, used 7117K [0x0000000080e00000, 0x0000000084580000, 0x00000000d5a00000)
  object space 56832K, 12% used [0x0000000080e00000,0x00000000814f37b0,0x0000000084580000)
 Metaspace       used 20543K, capacity 21186K, committed 21248K, reserved 1067008K
  class space    used 2641K, capacity 2811K, committed 2816K, reserved 1048576K
}
Event: 3.738 GC heap before
{Heap before GC invocations=7 (full 1):
 PSYoungGen      total 38400K, used 33280K [0x00000000d5a00000, 0x00000000dab00000, 0x0000000100000000)
  eden space 33280K, 100% used [0x00000000d5a00000,0x00000000d7a80000,0x00000000d7a80000)
  from space 5120K, 0% used [0x00000000d7a80000,0x00000000d7a80000,0x00000000d7f80000)
  to   space 8192K, 0% used [0x00000000da300000,0x00000000da300000,0x00000000dab00000)
 ParOldGen       total 56832K, used 7117K [0x0000000080e00000, 0x0000000084580000, 0x00000000d5a00000)
  object space 56832K, 12% used [0x0000000080e00000,0x00000000814f37b0,0x0000000084580000)
 Metaspace       used 22875K, capacity 23552K, committed 23680K, reserved 1069056K
  class space    used 2952K, capacity 3128K, committed 3200K, reserved 1048576K
Event: 3.745 GC heap after
Heap after GC invocations=7 (full 1):
 PSYoungGen      total 59392K, used 4831K [0x00000000d5a00000, 0x00000000da800000, 0x0000000100000000)
  eden space 54272K, 0% used [0x00000000d5a00000,0x00000000d5a00000,0x00000000d8f00000)
  from space 5120K, 94% used [0x00000000da300000,0x00000000da7b7c28,0x00000000da800000)
  to   space 7680K, 0% used [0x00000000d9900000,0x00000000d9900000,0x00000000da080000)
 ParOldGen       total 56832K, used 7117K [0x0000000080e00000, 0x0000000084580000, 0x00000000d5a00000)
  object space 56832K, 12% used [0x0000000080e00000,0x00000000814f37b0,0x0000000084580000)
 Metaspace       used 22875K, capacity 23552K, committed 23680K, reserved 1069056K
  class space    used 2952K, capacity 3128K, committed 3200K, reserved 1048576K
}
Event: 4.535 GC heap before
{Heap before GC invocations=8 (full 1):
 PSYoungGen      total 59392K, used 59103K [0x00000000d5a00000, 0x00000000da800000, 0x0000000100000000)
  eden space 54272K, 100% used [0x00000000d5a00000,0x00000000d8f00000,0x00000000d8f00000)
  from space 5120K, 94% used [0x00000000da300000,0x00000000da7b7c28,0x00000000da800000)
  to   space 7680K, 0% used [0x00000000d9900000,0x00000000d9900000,0x00000000da080000)
 ParOldGen       total 56832K, used 7117K [0x0000000080e00000, 0x0000000084580000, 0x00000000d5a00000)
  object space 56832K, 12% used [0x0000000080e00000,0x00000000814f37b0,0x0000000084580000)
 Metaspace       used 26125K, capacity 26890K, committed 27136K, reserved 1073152K
  class space    used 3358K, capacity 3547K, committed 3584K, reserved 1048576K
Event: 4.541 GC heap after
Heap after GC invocations=8 (full 1):
 PSYoungGen      total 72192K, used 7264K [0x00000000d5a00000, 0x00000000dbf80000, 0x0000000100000000)
  eden space 64512K, 0% used [0x00000000d5a00000,0x00000000d5a00000,0x00000000d9900000)
  from space 7680K, 94% used [0x00000000d9900000,0x00000000da018118,0x00000000da080000)
  to   space 8192K, 0% used [0x00000000db780000,0x00000000db780000,0x00000000dbf80000)
 ParOldGen       total 56832K, used 7189K [0x0000000080e00000, 0x0000000084580000, 0x00000000d5a00000)
  object space 56832K, 12% used [0x0000000080e00000,0x00000000815057c0,0x0000000084580000)
 Metaspace       used 26125K, capacity 26890K, committed 27136K, reserved 1073152K
  class space    used 3358K, capacity 3547K, committed 3584K, reserved 1048576K
}
Event: 5.462 GC heap before
{Heap before GC invocations=9 (full 1):
 PSYoungGen      total 72192K, used 71776K [0x00000000d5a00000, 0x00000000dbf80000, 0x0000000100000000)
  eden space 64512K, 100% used [0x00000000d5a00000,0x00000000d9900000,0x00000000d9900000)
  from space 7680K, 94% used [0x00000000d9900000,0x00000000da018118,0x00000000da080000)
  to   space 8192K, 0% used [0x00000000db780000,0x00000000db780000,0x00000000dbf80000)
 ParOldGen       total 56832K, used 7189K [0x0000000080e00000, 0x0000000084580000, 0x00000000d5a00000)
  object space 56832K, 12% used [0x0000000080e00000,0x00000000815057c0,0x0000000084580000)
 Metaspace       used 29421K, capacity 30302K, committed 30336K, reserved 1075200K
  class space    used 3764K, capacity 3945K, committed 3968K, reserved 1048576K

Deoptimization events (10 events):
Event: 4.596 Thread 0x0000000002b5e800 Uncommon trap: reason=unstable_if action=reinterpret pc=0x000000000368d604 method=org.springframework.core.type.classreading.AnnotationAttributesReadingVisitor.recursivelyCollectMetaAnnotations(Ljava/util/Set;Ljava/lang/annotation/Annotation;)V @ 28
Event: 4.602 Thread 0x0000000002b5e800 Uncommon trap: reason=array_check action=maybe_recompile pc=0x000000000382a50c method=sun.reflect.annotation.AnnotationParser.parseEnumArray(ILjava/lang/Class;Ljava/nio/ByteBuffer;Lsun/reflect/ConstantPool;Ljava/lang/Class;)Ljava/lang/Object; @ 53
Event: 4.608 Thread 0x0000000002b5e800 Uncommon trap: reason=array_check action=maybe_recompile pc=0x000000000382a50c method=sun.reflect.annotation.AnnotationParser.parseEnumArray(ILjava/lang/Class;Ljava/nio/ByteBuffer;Lsun/reflect/ConstantPool;Ljava/lang/Class;)Ljava/lang/Object; @ 53
Event: 4.927 Thread 0x0000000002b5e800 Uncommon trap: reason=bimorphic action=maybe_recompile pc=0x00000000037f1304 method=org.springframework.util.StringUtils.collectionToDelimitedString(Ljava/util/Collection;Ljava/lang/String;Ljava/lang/String;Ljava/lang/String;)Ljava/lang/String; @ 20
Event: 5.174 Thread 0x0000000002b5e800 Uncommon trap: reason=unstable_if action=reinterpret pc=0x00000000035a4758 method=org.springframework.asm.MethodVisitor.visitInsn(I)V @ 4
Event: 5.174 Thread 0x0000000002b5e800 Uncommon trap: reason=unstable_if action=reinterpret pc=0x0000000003566420 method=org.springframework.asm.MethodVisitor.visitMethodInsn(ILjava/lang/String;Ljava/lang/String;Ljava/lang/String;Z)V @ 50
Event: 5.174 Thread 0x0000000002b5e800 Uncommon trap: reason=unstable_if action=reinterpret pc=0x00000000036020e8 method=org.springframework.asm.MethodVisitor.visitFieldInsn(ILjava/lang/String;Ljava/lang/String;Ljava/lang/String;)V @ 4
Event: 5.187 Thread 0x0000000002b5e800 Uncommon trap: reason=unstable_if action=reinterpret pc=0x000000000359b944 method=java.util.LinkedList.node(I)Ljava/util/LinkedList$Node; @ 19
Event: 5.316 Thread 0x0000000002b5e800 Uncommon trap: reason=unstable_if action=reinterpret pc=0x00000000037e9ee8 method=java.util.WeakHashMap.remove(Ljava/lang/Object;)Ljava/lang/Object; @ 94
Event: 5.345 Thread 0x0000000002b5e800 Uncommon trap: reason=unloaded action=reinterpret pc=0x000000000383d194 method=java.lang.Class.createAnnotationData(I)Ljava/lang/Class$AnnotationData; @ 98

Internal exceptions (10 events):
Event: 5.340 Thread 0x0000000002b5e800 Exception <a 'java/lang/ClassNotFoundException': java/lang/ObjectCustomizer> (0x00000000d917ec10) thrown at [C:\re\workspace\8-2-build-windows-amd64-cygwin\jdk8u151\9699\hotspot\src\share\vm\classfile\systemDictionary.cpp, line 210]
Event: 5.340 Thread 0x0000000002b5e800 Exception <a 'java/lang/ClassNotFoundException': org/springframework/beans/factory/config/InstantiationAwareBeanPostProcessorAdapterCustomizer> (0x00000000d91af7d0) thrown at [C:\re\workspace\8-2-build-windows-amd64-cygwin\jdk8u151\9699\hotspot\src\share\
Event: 5.341 Thread 0x0000000002b5e800 Exception <a 'java/lang/ClassNotFoundException': org/springframework/boot/test/mock/mockito/MockitoPostProcessorCustomizer> (0x00000000d91df408) thrown at [C:\re\workspace\8-2-build-windows-amd64-cygwin\jdk8u151\9699\hotspot\src\share\vm\classfile\systemD
Event: 5.342 Thread 0x0000000002b5e800 Exception <a 'java/lang/ClassNotFoundException': org/springframework/beans/factory/BeanClassLoaderAwareCustomizer> (0x00000000d9211be0) thrown at [C:\re\workspace\8-2-build-windows-amd64-cygwin\jdk8u151\9699\hotspot\src\share\vm\classfile\systemDictionary
Event: 5.343 Thread 0x0000000002b5e800 Exception <a 'java/lang/ClassNotFoundException': org/springframework/beans/factory/BeanFactoryAwareCustomizer> (0x00000000d9233510) thrown at [C:\re\workspace\8-2-build-windows-amd64-cygwin\jdk8u151\9699\hotspot\src\share\vm\classfile\systemDictionary.cpp
Event: 5.343 Thread 0x0000000002b5e800 Exception <a 'java/lang/ClassNotFoundException': org/springframework/beans/factory/config/BeanFactoryPostProcessorCustomizer> (0x00000000d925b0f0) thrown at [C:\re\workspace\8-2-build-windows-amd64-cygwin\jdk8u151\9699\hotspot\src\share\vm\classfile\syste
Event: 5.344 Thread 0x0000000002b5e800 Exception <a 'java/lang/ClassNotFoundException': org/springframework/core/OrderedCustomizer> (0x00000000d92750a0) thrown at [C:\re\workspace\8-2-build-windows-amd64-cygwin\jdk8u151\9699\hotspot\src\share\vm\classfile\systemDictionary.cpp, line 210]
Event: 5.344 Thread 0x0000000002b5e800 Exception <a 'java/lang/ClassNotFoundException': org/springframework/beans/factory/config/SmartInstantiationAwareBeanPostProcessorCustomizer> (0x00000000d92a2620) thrown at [C:\re\workspace\8-2-build-windows-amd64-cygwin\jdk8u151\9699\hotspot\src\share\vm
Event: 5.460 Thread 0x0000000002b5e800 Exception <a 'java/lang/ClassNotFoundException': java/lang/ObjectCustomizer> (0x00000000d98bb6b0) thrown at [C:\re\workspace\8-2-build-windows-amd64-cygwin\jdk8u151\9699\hotspot\src\share\vm\classfile\systemDictionary.cpp, line 210]
Event: 5.461 Thread 0x0000000002b5e800 Exception <a 'java/lang/ClassNotFoundException': org/springframework/boot/context/properties/ConfigurationBeanFactoryMetadataCustomizer> (0x00000000d98e8ce0) thrown at [C:\re\workspace\8-2-build-windows-amd64-cygwin\jdk8u151\9699\hotspot\src\share\vm\clas

Events (10 events):
Event: 5.460 loading class java/lang/ObjectCustomizer done
Event: 5.461 loading class org/springframework/boot/context/properties/ConfigurationBeanFactoryMetadataCustomizer
Event: 5.461 loading class org/springframework/boot/context/properties/ConfigurationBeanFactoryMetadataCustomizer done
Event: 5.461 loading class org/springframework/boot/context/properties/ConfigurationBeanFactoryMetadataCustomizer
Event: 5.461 loading class org/springframework/boot/context/properties/ConfigurationBeanFactoryMetadataCustomizer done
Event: 5.461 loading class org/springframework/boot/context/properties/ConfigurationBeanFactoryMetadataCustomizer
Event: 5.461 loading class org/springframework/boot/context/properties/ConfigurationBeanFactoryMetadataCustomizer done
Event: 5.462 loading class org/springframework/beans/factory/config/BeanFactoryPostProcessorCustomizer
Event: 5.462 loading class org/springframework/beans/factory/config/BeanFactoryPostProcessorCustomizer done
Event: 5.462 Executing VM operation: ParallelGCFailedAllocation


Dynamic libraries:
0x00007ff632c40000 - 0x00007ff632c77000 	C:\Program Files\Java\jdk1.8.0_151\jre\bin\java.exe
0x00007ffa50c30000 - 0x00007ffa50e11000 	C:\WINDOWS\SYSTEM32\ntdll.dll
0x00007ffa4e460000 - 0x00007ffa4e511000 	C:\WINDOWS\System32\KERNEL32.DLL
0x00007ffa4dbd0000 - 0x00007ffa4de43000 	C:\WINDOWS\System32\KERNELBASE.dll
0x00007ffa4fc30000 - 0x00007ffa4fcd1000 	C:\WINDOWS\System32\ADVAPI32.dll
0x00007ffa4e0c0000 - 0x00007ffa4e15e000 	C:\WINDOWS\System32\msvcrt.dll
0x00007ffa50af0000 - 0x00007ffa50b4b000 	C:\WINDOWS\System32\sechost.dll
0x00007ffa4fce0000 - 0x00007ffa4fe04000 	C:\WINDOWS\System32\RPCRT4.dll
0x00007ffa4fe10000 - 0x00007ffa4ffa0000 	C:\WINDOWS\System32\USER32.dll
0x00007ffa4da60000 - 0x00007ffa4da80000 	C:\WINDOWS\System32\win32u.dll
0x00007ffa504f0000 - 0x00007ffa50518000 	C:\WINDOWS\System32\GDI32.dll
0x00007ffa4d810000 - 0x00007ffa4d9a1000 	C:\WINDOWS\System32\gdi32full.dll
0x00007ffa4dae0000 - 0x00007ffa4db7f000 	C:\WINDOWS\System32\msvcp_win.dll
0x00007ffa4d710000 - 0x00007ffa4d808000 	C:\WINDOWS\System32\ucrtbase.dll
0x00007ffa448c0000 - 0x00007ffa44b29000 	C:\WINDOWS\WinSxS\amd64_microsoft.windows.common-controls_6595b64144ccf1df_6.0.17134.829_none_fb46a5473061b9d5\COMCTL32.dll
0x00007ffa50530000 - 0x00007ffa50852000 	C:\WINDOWS\System32\combase.dll
0x00007ffa4e040000 - 0x00007ffa4e0ba000 	C:\WINDOWS\System32\bcryptPrimitives.dll
0x00007ffa4fb30000 - 0x00007ffa4fb5d000 	C:\WINDOWS\System32\IMM32.DLL
0x000000006cb00000 - 0x000000006cbd2000 	C:\Program Files\Java\jdk1.8.0_151\jre\bin\msvcr100.dll
0x000000006c260000 - 0x000000006cafd000 	C:\Program Files\Java\jdk1.8.0_151\jre\bin\server\jvm.dll
0x00007ffa50520000 - 0x00007ffa50528000 	C:\WINDOWS\System32\PSAPI.DLL
0x00007ffa4b070000 - 0x00007ffa4b079000 	C:\WINDOWS\SYSTEM32\WSOCK32.dll
0x00007ffa47180000 - 0x00007ffa4718a000 	C:\WINDOWS\SYSTEM32\VERSION.dll
0x00007ffa4af40000 - 0x00007ffa4af63000 	C:\WINDOWS\SYSTEM32\WINMM.dll
0x00007ffa50a80000 - 0x00007ffa50aec000 	C:\WINDOWS\System32\WS2_32.dll
0x00007ffa4aee0000 - 0x00007ffa4af0a000 	C:\WINDOWS\SYSTEM32\WINMMBASE.dll
0x00007ffa4db80000 - 0x00007ffa4dbc9000 	C:\WINDOWS\System32\cfgmgr32.dll
0x000000006d680000 - 0x000000006d68f000 	C:\Program Files\Java\jdk1.8.0_151\jre\bin\verify.dll
0x000000006bf90000 - 0x000000006bfb9000 	C:\Program Files\Java\jdk1.8.0_151\jre\bin\java.dll
0x000000006bf70000 - 0x000000006bf86000 	C:\Program Files\Java\jdk1.8.0_151\jre\bin\zip.dll
0x00007ffa4e6c0000 - 0x00007ffa4fb00000 	C:\WINDOWS\System32\SHELL32.dll
0x00007ffa50b50000 - 0x00007ffa50bf9000 	C:\WINDOWS\System32\shcore.dll
0x00007ffa4d000000 - 0x00007ffa4d70d000 	C:\WINDOWS\System32\windows.storage.dll
0x00007ffa4ffa0000 - 0x00007ffa4fff1000 	C:\WINDOWS\System32\shlwapi.dll
0x00007ffa4cfa0000 - 0x00007ffa4cfb1000 	C:\WINDOWS\System32\kernel.appcore.dll
0x00007ffa4cfc0000 - 0x00007ffa4cfdf000 	C:\WINDOWS\System32\profapi.dll
0x00007ffa4cf50000 - 0x00007ffa4cf9c000 	C:\WINDOWS\System32\powrprof.dll
0x00007ffa4cf40000 - 0x00007ffa4cf4a000 	C:\WINDOWS\System32\FLTLIB.DLL
0x000000006c250000 - 0x000000006c25d000 	C:\Program Files\Java\jdk1.8.0_151\jre\bin\management.dll
0x000000006bf50000 - 0x000000006bf6a000 	C:\Program Files\Java\jdk1.8.0_151\jre\bin\net.dll
0x00007ffa4c760000 - 0x00007ffa4c7c6000 	C:\WINDOWS\system32\mswsock.dll
0x000000006bf30000 - 0x000000006bf41000 	C:\Program Files\Java\jdk1.8.0_151\jre\bin\nio.dll
0x00007ffa34090000 - 0x00007ffa340a6000 	C:\WINDOWS\system32\napinsp.dll
0x00007ffa332a0000 - 0x00007ffa332ba000 	C:\WINDOWS\system32\pnrpnsp.dll
0x00007ffa49290000 - 0x00007ffa492a9000 	C:\WINDOWS\system32\NLAapi.dll
0x00007ffa4c530000 - 0x00007ffa4c5ee000 	C:\WINDOWS\SYSTEM32\DNSAPI.dll
0x00007ffa4fb20000 - 0x00007ffa4fb28000 	C:\WINDOWS\System32\NSI.dll
0x00007ffa4c4f0000 - 0x00007ffa4c528000 	C:\WINDOWS\SYSTEM32\IPHLPAPI.DLL
0x00007ffa48ec0000 - 0x00007ffa48ece000 	C:\WINDOWS\System32\winrnr.dll
0x00007ffa41c20000 - 0x00007ffa41c2a000 	C:\Windows\System32\rasadhlp.dll
0x00007ffa43ad0000 - 0x00007ffa43b42000 	C:\WINDOWS\System32\fwpuclnt.dll
0x00007ffa4caa0000 - 0x00007ffa4cac5000 	C:\WINDOWS\SYSTEM32\bcrypt.dll
0x00007ffa3a5e0000 - 0x00007ffa3a7a9000 	C:\WINDOWS\SYSTEM32\dbghelp.dll

VM Arguments:
java_command: C:\Users\Alonso\AppData\Local\Temp\surefire7649682435928120263\surefirebooter1563917889183372423.jar C:\Users\Alonso\AppData\Local\Temp\surefire7649682435928120263 2019-06-29T14-15-22_364-jvmRun1 surefire5879429535685320499tmp surefire_06060551342788008555tmp
java_class_path (initial): C:\Users\Alonso\AppData\Local\Temp\surefire7649682435928120263\surefirebooter1563917889183372423.jar
Launcher Type: SUN_STANDARD

Environment Variables:
JAVA_HOME=C:\Program Files\Java\jdk1.8.0_151
PATH=C:\Program Files (x86)\Common Files\Oracle\Java\javapath;C:\oraclexe\app\oracle\product\11.2.0\server\bin;C:\Program Files\Microsoft MPI\Bin\;C:\ProgramData\Oracle\Java\javapath;C:\Program Files (x86)\Intel\iCLS Client\;C:\Program Files\Intel\iCLS Client\;C:\WINDOWS\system32;C:\WINDOWS;C:\WINDOWS\System32\Wbem;C:\WINDOWS\System32\WindowsPowerShell\v1.0\;C:\Program Files (x86)\Intel\Intel(R) Management Engine Components\DAL;C:\Program Files\Intel\Intel(R) Management Engine Components\DAL;C:\Program Files (x86)\Intel\Intel(R) Management Engine Components\IPT;C:\Program Files\Intel\Intel(R) Management Engine Components\IPT;C:\Program Files\dotnet\;C:\Program Files\Microsoft SQL Server\130\Tools\Binn\;C:\Program Files (x86)\Microsoft SQL Server\Client SDK\ODBC\130\Tools\Binn\;C:\Program Files (x86)\Microsoft SQL Server\140\Tools\Binn\;C:\Program Files (x86)\Microsoft SQL Server\140\DTS\Binn\;C:\Program Files (x86)\Microsoft SQL Server\140\Tools\Binn\ManagementStudio\;C:\Program Files\Microsoft SQL Server\140\Tools\Binn\;C:\Program Files\Microsoft SQL Server\140\DTS\Binn\;C:\Program Files\Microsoft SQL Server\Client SDK\ODBC\130\Tools\Binn\;C:\Program Files\MySQL\MySQL Utilities 1.6\;C:\Program Files (x86)\Rational\common;C:\WINDOWS\System32\OpenSSH\;C:\Program Files (x86)\NVIDIA Corporation\PhysX\Common;%JAVA_HOME%\bin;C:\Program Files (x86)\Brackets\command;C:\Program Files\Git\cmd;C:\Program Files\Microsoft VS Code\bin;C:\Program Files (x86)\IncrediBuild;C:\Program Files (x86)\Microsoft SQL Server\110\DTS\Binn\;C:\Program Files (x86)\Microsoft SQL Server\120\DTS\Binn\;C:\Program Files (x86)\Microsoft SQL Server\130\DTS\Binn\;C:\Program Files (x86)\Microsoft SQL Server\150\DTS\Binn\;C:\Users\Alonso\AppData\Local\Microsoft\WindowsApps;C:\Program Files\Java\jdk1.8.0_151\bin;C:\Users\Alonso\AppData\Local\atom\bin
USERNAME=Alonso
OS=Windows_NT
PROCESSOR_IDENTIFIER=Intel64 Family 6 Model 158 Stepping 9, GenuineIntel



---------------  S Y S T E M  ---------------

OS: Windows 10.0 , 64 bit Build 17134 (10.0.17134.753)

CPU:total 4 (initial active 4) (4 cores per cpu, 1 threads per core) family 6 model 158 stepping 9, cmov, cx8, fxsr, mmx, sse, sse2, sse3, ssse3, sse4.1, sse4.2, popcnt, avx, avx2, aes, clmul, erms, 3dnowpref, lzcnt, tsc, tscinvbit, bmi1, bmi2, adx

Memory: 4k page, physical 8326964k(1244300k free), swap 20385588k(5433720k free)

vm_info: Java HotSpot(TM) 64-Bit Server VM (25.151-b12) for windows-amd64 JRE (1.8.0_151-b12), built on Sep  5 2017 19:33:46 by "java_re" with MS VC++ 10.0 (VS2010)

time: Sat Jun 29 14:15:30 2019
elapsed time: 5 seconds (0d 0h 0m 5s)

